<?xml version="1.0" encoding="UTF-8"?>
<testsuite name="com.example.restservice.repository.JdbcProductRepositoryIntTest" tests="1" skipped="0" failures="0" errors="0" timestamp="2023-02-13T15:31:37" hostname="C02F50QUMD6R" time="0.368">
  <properties/>
  <testcase name="find product gets product from db" classname="com.example.restservice.repository.JdbcProductRepositoryIntTest" time="0.368"/>
  <system-out><![CDATA[15:31:35.176 [Test worker] DEBUG org.springframework.boot.test.context.SpringBootTestContextBootstrapper - Neither @ContextConfiguration nor @ContextHierarchy found for test class [JdbcProductRepositoryIntTest]: using SpringBootContextLoader
15:31:35.181 [Test worker] DEBUG org.springframework.test.context.support.AbstractContextLoader - Could not detect default resource locations for test class [com.example.restservice.repository.JdbcProductRepositoryIntTest]: no resource found for suffixes {-context.xml, Context.groovy}.
15:31:35.181 [Test worker] INFO org.springframework.test.context.support.AnnotationConfigContextLoaderUtils - Could not detect default configuration classes for test class [com.example.restservice.repository.JdbcProductRepositoryIntTest]: JdbcProductRepositoryIntTest does not declare any static, non-private, non-final, nested classes annotated with @Configuration.
15:31:35.198 [Test worker] DEBUG org.springframework.boot.test.context.SpringBootTestContextBootstrapper - Using ContextCustomizers for test class [JdbcProductRepositoryIntTest]: [DisableObservabilityContextCustomizer, PropertyMappingContextCustomizer, Customizer, ExcludeFilterContextCustomizer, DuplicateJsonObjectContextCustomizer, MockitoContextCustomizer, TestRestTemplateContextCustomizer]
15:31:35.284 [Test worker] DEBUG org.springframework.context.annotation.ClassPathScanningCandidateComponentProvider - Identified candidate component class: file [/Users/jasleen.matharu/Documents/Tutorials/RestDemo/initial/build/classes/java/main/com/example/restservice/RestServiceApplication.class]
15:31:35.285 [Test worker] INFO org.springframework.boot.test.context.SpringBootTestContextBootstrapper - Found @SpringBootConfiguration com.example.restservice.RestServiceApplication for test class com.example.restservice.repository.JdbcProductRepositoryIntTest
15:31:35.362 [Test worker] DEBUG org.springframework.boot.test.context.SpringBootTestContextBootstrapper - Using TestExecutionListeners for test class [JdbcProductRepositoryIntTest]: [ServletTestExecutionListener, DirtiesContextBeforeModesTestExecutionListener, ApplicationEventsTestExecutionListener, MockitoTestExecutionListener, DependencyInjectionTestExecutionListener, DirtiesContextTestExecutionListener, TransactionalTestExecutionListener, SqlScriptsTestExecutionListener, EventPublishingTestExecutionListener, RestDocsTestExecutionListener, MockRestServiceServerResetTestExecutionListener, MockMvcPrintOnlyOnFailureTestExecutionListener, WebDriverTestExecutionListener, MockWebServiceServerTestExecutionListener, ResetMocksTestExecutionListener]
15:31:35.363 [Test worker] DEBUG org.springframework.test.context.support.AbstractDirtiesContextTestExecutionListener - Before test class: class [JdbcProductRepositoryIntTest], class annotated with @DirtiesContext [false] with mode [null]

  .   ____          _            __ _ _
 /\\ / ___'_ __ _ _(_)_ __  __ _ \ \ \ \
( ( )\___ | '_ | '_| | '_ \/ _` | \ \ \ \
 \\/  ___)| |_)| | | | | || (_| |  ) ) ) )
  '  |____| .__|_| |_|_| |_\__, | / / / /
 =========|_|==============|___/=/_/_/_/
 :: Spring Boot ::                (v3.0.0)

2023-02-13T15:31:35.662Z  INFO 23795 --- [    Test worker] c.e.r.r.JdbcProductRepositoryIntTest     : Starting JdbcProductRepositoryIntTest using Java 17.0.5 with PID 23795 (started by jasleen.matharu in /Users/jasleen.matharu/Documents/Tutorials/RestDemo/initial)
2023-02-13T15:31:35.663Z  INFO 23795 --- [    Test worker] c.e.r.r.JdbcProductRepositoryIntTest     : No active profile set, falling back to 1 default profile: "default"
2023-02-13T15:31:36.136Z  INFO 23795 --- [    Test worker] .s.d.r.c.RepositoryConfigurationDelegate : Bootstrapping Spring Data JDBC repositories in DEFAULT mode.
2023-02-13T15:31:36.153Z  INFO 23795 --- [    Test worker] .s.d.r.c.RepositoryConfigurationDelegate : Finished Spring Data repository scanning in 12 ms. Found 0 JDBC repository interfaces.
2023-02-13T15:31:36.473Z  INFO 23795 --- [    Test worker] o.f.c.internal.license.VersionPrinter    : Flyway Community Edition 9.5.1 by Redgate
2023-02-13T15:31:36.474Z  INFO 23795 --- [    Test worker] o.f.c.internal.license.VersionPrinter    : See what's new here: https://flywaydb.org/documentation/learnmore/releaseNotes#9.5.1
2023-02-13T15:31:36.474Z  INFO 23795 --- [    Test worker] o.f.c.internal.license.VersionPrinter    : 
2023-02-13T15:31:36.672Z  INFO 23795 --- [    Test worker] o.f.c.i.database.base.BaseDatabaseType   : Database: jdbc:postgresql:productdb (PostgreSQL 15.1)
2023-02-13T15:31:36.714Z  INFO 23795 --- [    Test worker] o.f.core.internal.command.DbValidate     : Successfully validated 1 migration (execution time 00:00.023s)
2023-02-13T15:31:36.764Z  INFO 23795 --- [    Test worker] o.f.core.internal.command.DbMigrate      : Current version of schema "public": 1
2023-02-13T15:31:36.765Z  INFO 23795 --- [    Test worker] o.f.core.internal.command.DbMigrate      : Schema "public" is up to date. No migration necessary.
2023-02-13T15:31:37.180Z  INFO 23795 --- [    Test worker] com.zaxxer.hikari.HikariDataSource       : HikariPool-1 - Starting...
2023-02-13T15:31:37.212Z  INFO 23795 --- [    Test worker] com.zaxxer.hikari.pool.HikariPool        : HikariPool-1 - Added connection org.postgresql.jdbc.PgConnection@26a4f9ed
2023-02-13T15:31:37.213Z  INFO 23795 --- [    Test worker] com.zaxxer.hikari.HikariDataSource       : HikariPool-1 - Start completed.
2023-02-13T15:31:37.312Z  INFO 23795 --- [    Test worker] c.e.r.r.JdbcProductRepositoryIntTest     : Started JdbcProductRepositoryIntTest in 1.916 seconds (process running for 3.167)
]]></system-out>
  <system-err><![CDATA[]]></system-err>
</testsuite>
